GNU gdb (Ubuntu 7.7.1-0ubuntu5~14.04.2) 7.7.1
Copyright (C) 2014 Free Software Foundation, Inc.
License GPLv3+: GNU GPL version 3 or later <http://gnu.org/licenses/gpl.html>
This is free software: you are free to change and redistribute it.
There is NO WARRANTY, to the extent permitted by law.  Type "show copying"
and "show warranty" for details.
This GDB was configured as "x86_64-linux-gnu".
Type "show configuration" for configuration details.
For bug reporting instructions, please see:
<http://www.gnu.org/software/gdb/bugs/>.
Find the GDB manual and other documentation resources online at:
<http://www.gnu.org/software/gdb/documentation/>.
For help, type "help".
Type "apropos word" to search for commands related to "word"...
Reading symbols from a.out...done.
(gdb) break 11
Breakpoint 1 at 0x40084d: file brokengdb1.cpp, line 11.
(gdb) break 12
Breakpoint 2 at 0x40085b: file brokengdb1.cpp, line 12.
(gdb) run
Starting program: /home/student/EE355/Lab5/a.out 

Breakpoint 1, main () at brokengdb1.cpp:11
11	    long val=factorial(n);
(gdb) next

Breakpoint 2, main () at brokengdb1.cpp:12
12	    cout<<val;
(gdb) print val
/*************
*val here should not be zero, which means we have a bug here
*the functhion factorial should not use while(n--), it should use while(--n)
**************/
$1 = 0
(gdb) next
13	    cin.get();
(gdb) next
014	    return 0;
(gdb) conto[Kinur[Ke
Continuing.
[Inferior 1 (process 3322) exited normally]
(gdb) quit
